# JRE version: OpenJDK Runtime Environment (11.0.10) (build 11.0.10+0-b96-7249189)
# Java VM: OpenJDK 64-Bit Server VM (11.0.10+0-b96-7249189, mixed mode, tiered, compressed oops, g1 gc, windows-amd64)
Heap:
 garbage-first heap   total 832512K, used 161150K [0x0000000080000000, 0x0000000100000000)
  region size 1024K, 8 young (8192K), 8 survivors (8192K)
 Metaspace       used 108221K, capacity 111130K, committed 111360K, reserved 1146880K
  class space    used 13632K, capacity 14766K, committed 14848K, reserved 1048576K
GC Heap History (20 events):
Event: 212.126 GC heap after
{Heap after GC invocations=140 (full 0):
 garbage-first heap   total 450560K, used 148346K [0x0000000080000000, 0x0000000100000000)
  region size 1024K, 18 young (18432K), 18 survivors (18432K)
 Metaspace       used 108076K, capacity 111051K, committed 111360K, reserved 1146880K
  class space    used 13630K, capacity 14765K, committed 14848K, reserved 1048576K
}
Event: 213.465 GC heap before
{Heap before GC invocations=140 (full 0):
 garbage-first heap   total 450560K, used 384890K [0x0000000080000000, 0x0000000100000000)
  region size 1024K, 249 young (254976K), 18 survivors (18432K)
 Metaspace       used 108084K, capacity 111052K, committed 111360K, reserved 1146880K
  class space    used 13630K, capacity 14765K, committed 14848K, reserved 1048576K
}
Event: 213.683 GC heap after
{Heap after GC invocations=141 (full 0):
 garbage-first heap   total 450560K, used 155461K [0x0000000080000000, 0x0000000100000000)
  region size 1024K, 24 young (24576K), 24 survivors (24576K)
 Metaspace       used 108084K, capacity 111052K, committed 111360K, reserved 1146880K
  class space    used 13630K, capacity 14765K, committed 14848K, reserved 1048576K
}
Event: 214.746 GC heap before
{Heap before GC invocations=141 (full 0):
 garbage-first heap   total 450560K, used 379717K [0x0000000080000000, 0x0000000100000000)
  region size 1024K, 243 young (248832K), 24 survivors (24576K)
 Metaspace       used 108099K, capacity 111052K, committed 111360K, reserved 1146880K
  class space    used 13630K, capacity 14765K, committed 14848K, reserved 1048576K
}
Event: 216.109 GC heap after
{Heap after GC invocations=142 (full 0):
 garbage-first heap   total 450560K, used 154082K [0x0000000080000000, 0x0000000100000000)
  region size 1024K, 12 young (12288K), 12 survivors (12288K)
 Metaspace       used 108099K, capacity 111052K, committed 111360K, reserved 1146880K
  class space    used 13630K, capacity 14765K, committed 14848K, reserved 1048576K
}
Event: 216.170 GC heap before
{Heap before GC invocations=142 (full 0):
 garbage-first heap   total 450560K, used 164322K [0x0000000080000000, 0x0000000100000000)
  region size 1024K, 22 young (22528K), 12 survivors (12288K)
 Metaspace       used 108104K, capacity 111052K, committed 111360K, reserved 1146880K
  class space    used 13630K, capacity 14765K, committed 14848K, reserved 1048576K
}
Event: 216.191 GC heap after
{Heap after GC invocations=143 (full 0):
 garbage-first heap   total 450560K, used 155006K [0x0000000080000000, 0x0000000100000000)
  region size 1024K, 2 young (2048K), 2 survivors (2048K)
 Metaspace       used 108104K, capacity 111052K, committed 111360K, reserved 1146880K
  class space    used 13630K, capacity 14765K, committed 14848K, reserved 1048576K
}
Event: 216.604 GC heap before
{Heap before GC invocations=143 (full 0):
 garbage-first heap   total 450560K, used 230782K [0x0000000080000000, 0x0000000100000000)
  region size 1024K, 75 young (76800K), 2 survivors (2048K)
 Metaspace       used 108113K, capacity 111052K, committed 111360K, reserved 1146880K
  class space    used 13630K, capacity 14765K, committed 14848K, reserved 1048576K
}
Event: 216.611 GC heap after
{Heap after GC invocations=144 (full 0):
 garbage-first heap   total 450560K, used 155633K [0x0000000080000000, 0x0000000100000000)
  region size 1024K, 2 young (2048K), 2 survivors (2048K)
 Metaspace       used 108113K, capacity 111052K, committed 111360K, reserved 1146880K
  class space    used 13630K, capacity 14765K, committed 14848K, reserved 1048576K
}
Event: 217.513 GC heap before
{Heap before GC invocations=144 (full 0):
 garbage-first heap   total 450560K, used 259057K [0x0000000080000000, 0x0000000100000000)
  region size 1024K, 103 young (105472K), 2 survivors (2048K)
 Metaspace       used 108120K, capacity 111052K, committed 111360K, reserved 1146880K
  class space    used 13631K, capacity 14765K, committed 14848K, reserved 1048576K
}
Event: 217.525 GC heap after
{Heap after GC invocations=145 (full 0):
 garbage-first heap   total 450560K, used 154659K [0x0000000080000000, 0x0000000100000000)
  region size 1024K, 2 young (2048K), 2 survivors (2048K)
 Metaspace       used 108120K, capacity 111052K, committed 111360K, reserved 1146880K
  class space    used 13631K, capacity 14765K, committed 14848K, reserved 1048576K
}
Event: 218.794 GC heap before
{Heap before GC invocations=145 (full 0):
 garbage-first heap   total 450560K, used 289827K [0x0000000080000000, 0x0000000100000000)
  region size 1024K, 134 young (137216K), 2 survivors (2048K)
 Metaspace       used 108120K, capacity 111052K, committed 111360K, reserved 1146880K
  class space    used 13631K, capacity 14765K, committed 14848K, reserved 1048576K
}
Event: 219.155 GC heap after
{Heap after GC invocations=146 (full 0):
 garbage-first heap   total 450560K, used 155085K [0x0000000080000000, 0x0000000100000000)
  region size 1024K, 3 young (3072K), 3 survivors (3072K)
 Metaspace       used 108120K, capacity 111052K, committed 111360K, reserved 1146880K
  class space    used 13631K, capacity 14765K, committed 14848K, reserved 1048576K
}
Event: 220.691 GC heap before
{Heap before GC invocations=146 (full 0):
 garbage-first heap   total 450560K, used 313805K [0x0000000080000000, 0x0000000100000000)
  region size 1024K, 158 young (161792K), 3 survivors (3072K)
 Metaspace       used 108129K, capacity 111052K, committed 111360K, reserved 1146880K
  class space    used 13631K, capacity 14765K, committed 14848K, reserved 1048576K
}
Event: 220.702 GC heap after
{Heap after GC invocations=147 (full 0):
 garbage-first heap   total 450560K, used 155767K [0x0000000080000000, 0x0000000100000000)
  region size 1024K, 3 young (3072K), 3 survivors (3072K)
 Metaspace       used 108129K, capacity 111052K, committed 111360K, reserved 1146880K
  class space    used 13631K, capacity 14765K, committed 14848K, reserved 1048576K
}
Event: 222.915 GC heap before
{Heap before GC invocations=147 (full 0):
 garbage-first heap   total 450560K, used 348279K [0x0000000080000000, 0x0000000100000000)
  region size 1024K, 191 young (195584K), 3 survivors (3072K)
 Metaspace       used 108130K, capacity 111052K, committed 111360K, reserved 1146880K
  class space    used 13631K, capacity 14765K, committed 14848K, reserved 1048576K
}
Event: 222.937 GC heap after
{Heap after GC invocations=148 (full 0):
 garbage-first heap   total 450560K, used 156652K [0x0000000080000000, 0x0000000100000000)
  region size 1024K, 4 young (4096K), 4 survivors (4096K)
 Metaspace       used 108130K, capacity 111052K, committed 111360K, reserved 1146880K
  class space    used 13631K, capacity 14765K, committed 14848K, reserved 1048576K
}
Event: 230.211 GC heap before
{Heap before GC invocations=148 (full 0):
 garbage-first heap   total 450560K, used 361452K [0x0000000080000000, 0x0000000100000000)
  region size 1024K, 203 young (207872K), 4 survivors (4096K)
 Metaspace       used 108189K, capacity 111124K, committed 111360K, reserved 1146880K
  class space    used 13631K, capacity 14765K, committed 14848K, reserved 1048576K
}
Event: 230.313 GC heap after
{Heap after GC invocations=149 (full 0):
 garbage-first heap   total 450560K, used 156392K [0x0000000080000000, 0x0000000100000000)
  region size 1024K, 4 young (4096K), 4 survivors (4096K)
 Metaspace       used 108189K, capacity 111124K, committed 111360K, reserved 1146880K
  class space    used 13631K, capacity 14765K, committed 14848K, reserved 1048576K
}
Event: 233.367 GC heap before
{Heap before GC invocations=149 (full 0):
 garbage-first heap   total 450560K, used 364264K [0x0000000080000000, 0x0000000100000000)
  region size 1024K, 208 young (212992K), 4 survivors (4096K)
 Metaspace       used 108221K, capacity 111130K, committed 111360K, reserved 1146880K
  class space    used 13632K, capacity 14766K, committed 14848K, reserved 1048576K
}

