# JRE version: OpenJDK Runtime Environment (11.0.11+9) (build 11.0.11+9-b60-7590822)
# Java VM: OpenJDK 64-Bit Server VM (11.0.11+9-b60-7590822, mixed mode, tiered, compressed oops, g1 gc, windows-amd64)
Heap:
 garbage-first heap   total 65536K, used 38521K [0x0000000080000000, 0x0000000100000000)
  region size 1024K, 16 young (16384K), 3 survivors (3072K)
 Metaspace       used 37819K, capacity 38735K, committed 38908K, reserved 1083392K
  class space    used 4891K, capacity 5228K, committed 5248K, reserved 1048576K
GC Heap History (20 events):
Event: 7.332 GC heap before
{Heap before GC invocations=1 (full 0):
 garbage-first heap   total 65536K, used 19350K [0x0000000080000000, 0x0000000100000000)
  region size 1024K, 13 young (13312K), 2 survivors (2048K)
 Metaspace       used 10211K, capacity 10437K, committed 10624K, reserved 1058816K
  class space    used 1064K, capacity 1139K, committed 1152K, reserved 1048576K
}
Event: 7.339 GC heap after
{Heap after GC invocations=2 (full 0):
 garbage-first heap   total 65536K, used 9127K [0x0000000080000000, 0x0000000100000000)
  region size 1024K, 2 young (2048K), 2 survivors (2048K)
 Metaspace       used 10211K, capacity 10437K, committed 10624K, reserved 1058816K
  class space    used 1064K, capacity 1139K, committed 1152K, reserved 1048576K
}
Event: 9.729 GC heap before
{Heap before GC invocations=2 (full 0):
 garbage-first heap   total 65536K, used 32679K [0x0000000080000000, 0x0000000100000000)
  region size 1024K, 25 young (25600K), 2 survivors (2048K)
 Metaspace       used 11131K, capacity 11390K, committed 11520K, reserved 1058816K
  class space    used 1165K, capacity 1243K, committed 1280K, reserved 1048576K
}
Event: 9.733 GC heap after
{Heap after GC invocations=3 (full 0):
 garbage-first heap   total 65536K, used 9598K [0x0000000080000000, 0x0000000100000000)
  region size 1024K, 2 young (2048K), 2 survivors (2048K)
 Metaspace       used 11131K, capacity 11390K, committed 11520K, reserved 1058816K
  class space    used 1165K, capacity 1243K, committed 1280K, reserved 1048576K
}
Event: 13.396 GC heap before
{Heap before GC invocations=3 (full 0):
 garbage-first heap   total 65536K, used 39294K [0x0000000080000000, 0x0000000100000000)
  region size 1024K, 31 young (31744K), 2 survivors (2048K)
 Metaspace       used 13554K, capacity 13921K, committed 14208K, reserved 1062912K
  class space    used 1511K, capacity 1620K, committed 1664K, reserved 1048576K
}
Event: 13.404 GC heap after
{Heap after GC invocations=4 (full 0):
 garbage-first heap   total 65536K, used 14373K [0x0000000080000000, 0x0000000100000000)
  region size 1024K, 4 young (4096K), 4 survivors (4096K)
 Metaspace       used 13554K, capacity 13921K, committed 14208K, reserved 1062912K
  class space    used 1511K, capacity 1620K, committed 1664K, reserved 1048576K
}
Event: 39.854 GC heap before
{Heap before GC invocations=4 (full 0):
 garbage-first heap   total 65536K, used 40997K [0x0000000080000000, 0x0000000100000000)
  region size 1024K, 30 young (30720K), 4 survivors (4096K)
 Metaspace       used 18974K, capacity 19438K, committed 19584K, reserved 1067008K
  class space    used 2268K, capacity 2405K, committed 2432K, reserved 1048576K
}
Event: 39.862 GC heap after
{Heap after GC invocations=5 (full 0):
 garbage-first heap   total 65536K, used 16041K [0x0000000080000000, 0x0000000100000000)
  region size 1024K, 2 young (2048K), 2 survivors (2048K)
 Metaspace       used 18974K, capacity 19438K, committed 19584K, reserved 1067008K
  class space    used 2268K, capacity 2405K, committed 2432K, reserved 1048576K
}
Event: 64.074 GC heap before
{Heap before GC invocations=5 (full 0):
 garbage-first heap   total 65536K, used 31401K [0x0000000080000000, 0x0000000100000000)
  region size 1024K, 18 young (18432K), 2 survivors (2048K)
 Metaspace       used 20674K, capacity 21239K, committed 21296K, reserved 1069056K
  class space    used 2510K, capacity 2688K, committed 2688K, reserved 1048576K
}
Event: 64.079 GC heap after
{Heap after GC invocations=6 (full 0):
 garbage-first heap   total 65536K, used 16454K [0x0000000080000000, 0x0000000100000000)
  region size 1024K, 2 young (2048K), 2 survivors (2048K)
 Metaspace       used 20674K, capacity 21239K, committed 21296K, reserved 1069056K
  class space    used 2510K, capacity 2688K, committed 2688K, reserved 1048576K
}
Event: 82.539 GC heap before
{Heap before GC invocations=7 (full 0):
 garbage-first heap   total 65536K, used 43078K [0x0000000080000000, 0x0000000100000000)
  region size 1024K, 28 young (28672K), 2 survivors (2048K)
 Metaspace       used 23368K, capacity 23972K, committed 24112K, reserved 1071104K
  class space    used 2957K, capacity 3157K, committed 3200K, reserved 1048576K
}
Event: 82.545 GC heap after
{Heap after GC invocations=8 (full 0):
 garbage-first heap   total 65536K, used 17288K [0x0000000080000000, 0x0000000100000000)
  region size 1024K, 3 young (3072K), 3 survivors (3072K)
 Metaspace       used 23368K, capacity 23972K, committed 24112K, reserved 1071104K
  class space    used 2957K, capacity 3157K, committed 3200K, reserved 1048576K
}
Event: 90.518 GC heap before
{Heap before GC invocations=8 (full 0):
 garbage-first heap   total 65536K, used 43912K [0x0000000080000000, 0x0000000100000000)
  region size 1024K, 29 young (29696K), 3 survivors (3072K)
 Metaspace       used 26077K, capacity 26800K, committed 26928K, reserved 1073152K
  class space    used 3402K, capacity 3633K, committed 3712K, reserved 1048576K
}
Event: 90.525 GC heap after
{Heap after GC invocations=9 (full 0):
 garbage-first heap   total 65536K, used 18387K [0x0000000080000000, 0x0000000100000000)
  region size 1024K, 3 young (3072K), 3 survivors (3072K)
 Metaspace       used 26077K, capacity 26800K, committed 26928K, reserved 1073152K
  class space    used 3402K, capacity 3633K, committed 3712K, reserved 1048576K
}
Event: 96.749 GC heap before
{Heap before GC invocations=9 (full 0):
 garbage-first heap   total 65536K, used 46035K [0x0000000080000000, 0x0000000100000000)
  region size 1024K, 30 young (30720K), 3 survivors (3072K)
 Metaspace       used 28505K, capacity 29203K, committed 29360K, reserved 1075200K
  class space    used 3788K, capacity 4030K, committed 4096K, reserved 1048576K
}
Event: 96.755 GC heap after
{Heap after GC invocations=10 (full 0):
 garbage-first heap   total 65536K, used 19251K [0x0000000080000000, 0x0000000100000000)
  region size 1024K, 3 young (3072K), 3 survivors (3072K)
 Metaspace       used 28505K, capacity 29203K, committed 29360K, reserved 1075200K
  class space    used 3788K, capacity 4030K, committed 4096K, reserved 1048576K
}
Event: 101.476 GC heap before
{Heap before GC invocations=10 (full 0):
 garbage-first heap   total 65536K, used 46899K [0x0000000080000000, 0x0000000100000000)
  region size 1024K, 31 young (31744K), 3 survivors (3072K)
 Metaspace       used 34826K, capacity 35655K, committed 35708K, reserved 1081344K
  class space    used 4533K, capacity 4864K, committed 4864K, reserved 1048576K
}
Event: 101.488 GC heap after
{Heap after GC invocations=11 (full 0):
 garbage-first heap   total 65536K, used 21570K [0x0000000080000000, 0x0000000100000000)
  region size 1024K, 4 young (4096K), 4 survivors (4096K)
 Metaspace       used 34826K, capacity 35655K, committed 35708K, reserved 1081344K
  class space    used 4533K, capacity 4864K, committed 4864K, reserved 1048576K
}
Event: 102.439 GC heap before
{Heap before GC invocations=12 (full 0):
 garbage-first heap   total 65536K, used 47170K [0x0000000080000000, 0x0000000100000000)
  region size 1024K, 30 young (30720K), 4 survivors (4096K)
 Metaspace       used 36557K, capacity 37439K, committed 37756K, reserved 1081344K
  class space    used 4706K, capacity 5029K, committed 5120K, reserved 1048576K
}
Event: 102.455 GC heap after
{Heap after GC invocations=13 (full 0):
 garbage-first heap   total 65536K, used 24185K [0x0000000080000000, 0x0000000100000000)
  region size 1024K, 3 young (3072K), 3 survivors (3072K)
 Metaspace       used 36557K, capacity 37439K, committed 37756K, reserved 1081344K
  class space    used 4706K, capacity 5029K, committed 5120K, reserved 1048576K
}

