# JRE version: OpenJDK Runtime Environment (11.0.11+9) (build 11.0.11+9-b60-7590822)
# Java VM: OpenJDK 64-Bit Server VM (11.0.11+9-b60-7590822, mixed mode, tiered, compressed oops, g1 gc, windows-amd64)
Heap:
 garbage-first heap   total 503808K, used 140847K [0x0000000080000000, 0x0000000100000000)
  region size 1024K, 8 young (8192K), 2 survivors (2048K)
 Metaspace       used 115870K, capacity 119352K, committed 119552K, reserved 1153024K
  class space    used 14751K, capacity 16011K, committed 16128K, reserved 1048576K
GC Heap History (20 events):
Event: 581.676 GC heap before
{Heap before GC invocations=147 (full 0):
 garbage-first heap   total 167936K, used 144893K [0x0000000080000000, 0x0000000100000000)
  region size 1024K, 20 young (20480K), 2 survivors (2048K)
 Metaspace       used 113241K, capacity 116298K, committed 116608K, reserved 1150976K
  class space    used 14490K, capacity 15643K, committed 15744K, reserved 1048576K
}
Event: 581.681 GC heap after
{Heap after GC invocations=148 (full 0):
 garbage-first heap   total 167936K, used 126787K [0x0000000080000000, 0x0000000100000000)
  region size 1024K, 2 young (2048K), 2 survivors (2048K)
 Metaspace       used 113241K, capacity 116298K, committed 116608K, reserved 1150976K
  class space    used 14490K, capacity 15643K, committed 15744K, reserved 1048576K
}
Event: 585.337 GC heap before
{Heap before GC invocations=148 (full 0):
 garbage-first heap   total 167936K, used 144195K [0x0000000080000000, 0x0000000100000000)
  region size 1024K, 20 young (20480K), 2 survivors (2048K)
 Metaspace       used 115158K, capacity 118365K, committed 118656K, reserved 1153024K
  class space    used 14705K, capacity 15897K, committed 16000K, reserved 1048576K
}
Event: 585.345 GC heap after
{Heap after GC invocations=149 (full 0):
 garbage-first heap   total 167936K, used 128103K [0x0000000080000000, 0x0000000100000000)
  region size 1024K, 2 young (2048K), 2 survivors (2048K)
 Metaspace       used 115158K, capacity 118365K, committed 118656K, reserved 1153024K
  class space    used 14705K, capacity 15897K, committed 16000K, reserved 1048576K
}
Event: 947.584 GC heap before
{Heap before GC invocations=149 (full 0):
 garbage-first heap   total 167936K, used 144487K [0x0000000080000000, 0x0000000100000000)
  region size 1024K, 19 young (19456K), 2 survivors (2048K)
 Metaspace       used 115398K, capacity 118669K, committed 118912K, reserved 1153024K
  class space    used 14725K, capacity 15949K, committed 16000K, reserved 1048576K
}
Event: 997.834 GC heap after
{Heap after GC invocations=150 (full 0):
 garbage-first heap   total 167936K, used 129256K [0x0000000080000000, 0x0000000100000000)
  region size 1024K, 3 young (3072K), 3 survivors (3072K)
 Metaspace       used 115398K, capacity 118669K, committed 118912K, reserved 1153024K
  class space    used 14725K, capacity 15949K, committed 16000K, reserved 1048576K
}
Event: 1071.386 GC heap before
{Heap before GC invocations=150 (full 0):
 garbage-first heap   total 167936K, used 133352K [0x0000000080000000, 0x0000000100000000)
  region size 1024K, 8 young (8192K), 3 survivors (3072K)
 Metaspace       used 115426K, capacity 118696K, committed 118912K, reserved 1153024K
  class space    used 14728K, capacity 15955K, committed 16000K, reserved 1048576K
}
Event: 1072.221 GC heap after
{Heap after GC invocations=151 (full 0):
 garbage-first heap   total 167936K, used 129836K [0x0000000080000000, 0x0000000100000000)
  region size 1024K, 1 young (1024K), 1 survivors (1024K)
 Metaspace       used 115426K, capacity 118696K, committed 118912K, reserved 1153024K
  class space    used 14728K, capacity 15955K, committed 16000K, reserved 1048576K
}
Event: 1132.681 GC heap before
{Heap before GC invocations=151 (full 0):
 garbage-first heap   total 167936K, used 137004K [0x0000000080000000, 0x0000000100000000)
  region size 1024K, 8 young (8192K), 1 survivors (1024K)
 Metaspace       used 115428K, capacity 118696K, committed 118912K, reserved 1153024K
  class space    used 14728K, capacity 15955K, committed 16000K, reserved 1048576K
}
Event: 1134.190 GC heap after
{Heap after GC invocations=152 (full 0):
 garbage-first heap   total 167936K, used 130469K [0x0000000080000000, 0x0000000100000000)
  region size 1024K, 1 young (1024K), 1 survivors (1024K)
 Metaspace       used 115428K, capacity 118696K, committed 118912K, reserved 1153024K
  class space    used 14728K, capacity 15955K, committed 16000K, reserved 1048576K
}
Event: 1139.798 GC heap before
{Heap before GC invocations=152 (full 0):
 garbage-first heap   total 167936K, used 136613K [0x0000000080000000, 0x0000000100000000)
  region size 1024K, 8 young (8192K), 1 survivors (1024K)
 Metaspace       used 115431K, capacity 118696K, committed 118912K, reserved 1153024K
  class space    used 14728K, capacity 15955K, committed 16000K, reserved 1048576K
}
Event: 1141.412 GC heap after
{Heap after GC invocations=153 (full 0):
 garbage-first heap   total 167936K, used 130846K [0x0000000080000000, 0x0000000100000000)
  region size 1024K, 1 young (1024K), 1 survivors (1024K)
 Metaspace       used 115431K, capacity 118696K, committed 118912K, reserved 1153024K
  class space    used 14728K, capacity 15955K, committed 16000K, reserved 1048576K
}
Event: 1437.032 GC heap before
{Heap before GC invocations=153 (full 0):
 garbage-first heap   total 167936K, used 138014K [0x0000000080000000, 0x0000000100000000)
  region size 1024K, 8 young (8192K), 1 survivors (1024K)
 Metaspace       used 115493K, capacity 118784K, committed 118912K, reserved 1153024K
  class space    used 14731K, capacity 15960K, committed 16000K, reserved 1048576K
}
Event: 1457.873 GC heap after
{Heap after GC invocations=154 (full 0):
 garbage-first heap   total 503808K, used 130858K [0x0000000080000000, 0x0000000100000000)
  region size 1024K, 1 young (1024K), 1 survivors (1024K)
 Metaspace       used 115493K, capacity 118784K, committed 118912K, reserved 1153024K
  class space    used 14731K, capacity 15960K, committed 16000K, reserved 1048576K
}
Event: 2043.108 GC heap before
{Heap before GC invocations=154 (full 0):
 garbage-first heap   total 503808K, used 153386K [0x0000000080000000, 0x0000000100000000)
  region size 1024K, 24 young (24576K), 1 survivors (1024K)
 Metaspace       used 115650K, capacity 119122K, committed 119296K, reserved 1153024K
  class space    used 14747K, capacity 16004K, committed 16128K, reserved 1048576K
}
Event: 2046.164 GC heap after
{Heap after GC invocations=155 (full 0):
 garbage-first heap   total 503808K, used 133401K [0x0000000080000000, 0x0000000100000000)
  region size 1024K, 3 young (3072K), 3 survivors (3072K)
 Metaspace       used 115650K, capacity 119122K, committed 119296K, reserved 1153024K
  class space    used 14747K, capacity 16004K, committed 16128K, reserved 1048576K
}
Event: 2173.262 GC heap before
{Heap before GC invocations=155 (full 0):
 garbage-first heap   total 503808K, used 154905K [0x0000000080000000, 0x0000000100000000)
  region size 1024K, 24 young (24576K), 3 survivors (3072K)
 Metaspace       used 115778K, capacity 119286K, committed 119552K, reserved 1153024K
  class space    used 14750K, capacity 16011K, committed 16128K, reserved 1048576K
}
Event: 2173.841 GC heap after
{Heap after GC invocations=156 (full 0):
 garbage-first heap   total 503808K, used 134777K [0x0000000080000000, 0x0000000100000000)
  region size 1024K, 2 young (2048K), 2 survivors (2048K)
 Metaspace       used 115778K, capacity 119286K, committed 119552K, reserved 1153024K
  class space    used 14750K, capacity 16011K, committed 16128K, reserved 1048576K
}
Event: 2358.312 GC heap before
{Heap before GC invocations=156 (full 0):
 garbage-first heap   total 503808K, used 157305K [0x0000000080000000, 0x0000000100000000)
  region size 1024K, 24 young (24576K), 2 survivors (2048K)
 Metaspace       used 115858K, capacity 119352K, committed 119552K, reserved 1153024K
  class space    used 14751K, capacity 16011K, committed 16128K, reserved 1048576K
}
Event: 2359.500 GC heap after
{Heap after GC invocations=157 (full 0):
 garbage-first heap   total 503808K, used 135727K [0x0000000080000000, 0x0000000100000000)
  region size 1024K, 2 young (2048K), 2 survivors (2048K)
 Metaspace       used 115858K, capacity 119352K, committed 119552K, reserved 1153024K
  class space    used 14751K, capacity 16011K, committed 16128K, reserved 1048576K
}

