# JRE version: OpenJDK Runtime Environment (11.0.11+9) (build 11.0.11+9-b60-7590822)
# Java VM: OpenJDK 64-Bit Server VM (11.0.11+9-b60-7590822, mixed mode, tiered, compressed oops, g1 gc, windows-amd64)
Heap:
 garbage-first heap   total 568320K, used 87975K [0x0000000080000000, 0x0000000100000000)
  region size 1024K, 2 young (2048K), 2 survivors (2048K)
 Metaspace       used 112334K, capacity 115158K, committed 116096K, reserved 1148928K
  class space    used 14555K, capacity 15647K, committed 16000K, reserved 1048576K
GC Heap History (20 events):
Event: 5191.871 GC heap after
{Heap after GC invocations=141 (full 0):
 garbage-first heap   total 157696K, used 70679K [0x0000000080000000, 0x0000000100000000)
  region size 1024K, 1 young (1024K), 1 survivors (1024K)
 Metaspace       used 111874K, capacity 114679K, committed 115840K, reserved 1148928K
  class space    used 14535K, capacity 15609K, committed 16000K, reserved 1048576K
}
Event: 5192.310 GC heap before
{Heap before GC invocations=141 (full 0):
 garbage-first heap   total 157696K, used 76823K [0x0000000080000000, 0x0000000100000000)
  region size 1024K, 7 young (7168K), 1 survivors (1024K)
 Metaspace       used 111930K, capacity 114746K, committed 115840K, reserved 1148928K
  class space    used 14541K, capacity 15621K, committed 16000K, reserved 1048576K
}
Event: 5192.401 GC heap after
{Heap after GC invocations=142 (full 0):
 garbage-first heap   total 157696K, used 70785K [0x0000000080000000, 0x0000000100000000)
  region size 1024K, 1 young (1024K), 1 survivors (1024K)
 Metaspace       used 111930K, capacity 114746K, committed 115840K, reserved 1148928K
  class space    used 14541K, capacity 15621K, committed 16000K, reserved 1048576K
}
Event: 5193.738 GC heap before
{Heap before GC invocations=142 (full 0):
 garbage-first heap   total 157696K, used 76929K [0x0000000080000000, 0x0000000100000000)
  region size 1024K, 7 young (7168K), 1 survivors (1024K)
 Metaspace       used 111985K, capacity 114782K, committed 115840K, reserved 1148928K
  class space    used 14544K, capacity 15627K, committed 16000K, reserved 1048576K
}
Event: 5193.744 GC heap after
{Heap after GC invocations=143 (full 0):
 garbage-first heap   total 157696K, used 71777K [0x0000000080000000, 0x0000000100000000)
  region size 1024K, 1 young (1024K), 1 survivors (1024K)
 Metaspace       used 111985K, capacity 114782K, committed 115840K, reserved 1148928K
  class space    used 14544K, capacity 15627K, committed 16000K, reserved 1048576K
}
Event: 5193.807 GC heap before
{Heap before GC invocations=143 (full 0):
 garbage-first heap   total 157696K, used 77921K [0x0000000080000000, 0x0000000100000000)
  region size 1024K, 7 young (7168K), 1 survivors (1024K)
 Metaspace       used 111985K, capacity 114782K, committed 115840K, reserved 1148928K
  class space    used 14544K, capacity 15627K, committed 16000K, reserved 1048576K
}
Event: 5193.814 GC heap after
{Heap after GC invocations=144 (full 0):
 garbage-first heap   total 157696K, used 72042K [0x0000000080000000, 0x0000000100000000)
  region size 1024K, 1 young (1024K), 1 survivors (1024K)
 Metaspace       used 111985K, capacity 114782K, committed 115840K, reserved 1148928K
  class space    used 14544K, capacity 15627K, committed 16000K, reserved 1048576K
}
Event: 5193.863 GC heap before
{Heap before GC invocations=144 (full 0):
 garbage-first heap   total 157696K, used 78186K [0x0000000080000000, 0x0000000100000000)
  region size 1024K, 7 young (7168K), 1 survivors (1024K)
 Metaspace       used 111986K, capacity 114782K, committed 115840K, reserved 1148928K
  class space    used 14544K, capacity 15627K, committed 16000K, reserved 1048576K
}
Event: 5193.903 GC heap after
{Heap after GC invocations=145 (full 0):
 garbage-first heap   total 189440K, used 72340K [0x0000000080000000, 0x0000000100000000)
  region size 1024K, 1 young (1024K), 1 survivors (1024K)
 Metaspace       used 111986K, capacity 114782K, committed 115840K, reserved 1148928K
  class space    used 14544K, capacity 15627K, committed 16000K, reserved 1048576K
}
Event: 5194.009 GC heap before
{Heap before GC invocations=145 (full 0):
 garbage-first heap   total 189440K, used 80532K [0x0000000080000000, 0x0000000100000000)
  region size 1024K, 9 young (9216K), 1 survivors (1024K)
 Metaspace       used 111992K, capacity 114782K, committed 115840K, reserved 1148928K
  class space    used 14544K, capacity 15627K, committed 16000K, reserved 1048576K
}
Event: 5194.012 GC heap after
{Heap after GC invocations=146 (full 0):
 garbage-first heap   total 189440K, used 72882K [0x0000000080000000, 0x0000000100000000)
  region size 1024K, 1 young (1024K), 1 survivors (1024K)
 Metaspace       used 111992K, capacity 114782K, committed 115840K, reserved 1148928K
  class space    used 14544K, capacity 15627K, committed 16000K, reserved 1048576K
}
Event: 5198.332 GC heap before
{Heap before GC invocations=147 (full 0):
 garbage-first heap   total 189440K, used 81074K [0x0000000080000000, 0x0000000100000000)
  region size 1024K, 9 young (9216K), 1 survivors (1024K)
 Metaspace       used 112087K, capacity 114865K, committed 115840K, reserved 1148928K
  class space    used 14546K, capacity 15630K, committed 16000K, reserved 1048576K
}
Event: 5198.941 GC heap after
{Heap after GC invocations=148 (full 0):
 garbage-first heap   total 189440K, used 74132K [0x0000000080000000, 0x0000000100000000)
  region size 1024K, 2 young (2048K), 2 survivors (2048K)
 Metaspace       used 112087K, capacity 114865K, committed 115840K, reserved 1148928K
  class space    used 14546K, capacity 15630K, committed 16000K, reserved 1048576K
}
Event: 5232.256 GC heap before
{Heap before GC invocations=148 (full 0):
 garbage-first heap   total 189440K, used 81300K [0x0000000080000000, 0x0000000100000000)
  region size 1024K, 9 young (9216K), 2 survivors (2048K)
 Metaspace       used 112221K, capacity 115085K, committed 116096K, reserved 1148928K
  class space    used 14555K, capacity 15647K, committed 16000K, reserved 1048576K
}
Event: 5233.332 GC heap after
{Heap after GC invocations=149 (full 0):
 garbage-first heap   total 189440K, used 75742K [0x0000000080000000, 0x0000000100000000)
  region size 1024K, 2 young (2048K), 2 survivors (2048K)
 Metaspace       used 112221K, capacity 115085K, committed 116096K, reserved 1148928K
  class space    used 14555K, capacity 15647K, committed 16000K, reserved 1048576K
}
Event: 5259.185 GC heap before
{Heap before GC invocations=150 (full 0):
 garbage-first heap   total 189440K, used 81886K [0x0000000080000000, 0x0000000100000000)
  region size 1024K, 9 young (9216K), 2 survivors (2048K)
 Metaspace       used 112327K, capacity 115158K, committed 116096K, reserved 1148928K
  class space    used 14555K, capacity 15647K, committed 16000K, reserved 1048576K
}
Event: 5259.530 GC heap after
{Heap after GC invocations=151 (full 0):
 garbage-first heap   total 189440K, used 76017K [0x0000000080000000, 0x0000000100000000)
  region size 1024K, 1 young (1024K), 1 survivors (1024K)
 Metaspace       used 112327K, capacity 115158K, committed 116096K, reserved 1148928K
  class space    used 14555K, capacity 15647K, committed 16000K, reserved 1048576K
}
Event: 5273.285 GC heap before
{Heap before GC invocations=152 (full 0):
 garbage-first heap   total 189440K, used 85233K [0x0000000080000000, 0x0000000100000000)
  region size 1024K, 9 young (9216K), 1 survivors (1024K)
 Metaspace       used 112333K, capacity 115158K, committed 116096K, reserved 1148928K
  class space    used 14555K, capacity 15647K, committed 16000K, reserved 1048576K
}
Event: 5281.332 GC heap after
{Heap after GC invocations=153 (full 0):
 garbage-first heap   total 189440K, used 82892K [0x0000000080000000, 0x0000000100000000)
  region size 1024K, 2 young (2048K), 2 survivors (2048K)
 Metaspace       used 112333K, capacity 115158K, committed 116096K, reserved 1148928K
  class space    used 14555K, capacity 15647K, committed 16000K, reserved 1048576K
}
Event: 5281.472 GC heap before
{Heap before GC invocations=153 (full 0):
 garbage-first heap   total 189440K, used 90060K [0x0000000080000000, 0x0000000100000000)
  region size 1024K, 9 young (9216K), 2 survivors (2048K)
 Metaspace       used 112334K, capacity 115158K, committed 116096K, reserved 1148928K
  class space    used 14555K, capacity 15647K, committed 16000K, reserved 1048576K
}

