# JRE version: OpenJDK Runtime Environment (11.0.11+9) (build 11.0.11+9-b60-7590822)
# Java VM: OpenJDK 64-Bit Server VM (11.0.11+9-b60-7590822, mixed mode, tiered, compressed oops, g1 gc, windows-amd64)
Heap:
 garbage-first heap   total 454656K, used 76421K [0x0000000080000000, 0x0000000100000000)
  region size 1024K, 1 young (1024K), 1 survivors (1024K)
 Metaspace       used 66478K, capacity 68320K, committed 68608K, reserved 1107968K
  class space    used 8478K, capacity 9099K, committed 9216K, reserved 1048576K
GC Heap History (20 events):
Event: 291.884 GC heap after
{Heap after GC invocations=66 (full 0):
 garbage-first heap   total 95232K, used 70172K [0x0000000080000000, 0x0000000100000000)
  region size 1024K, 1 young (1024K), 1 survivors (1024K)
 Metaspace       used 56578K, capacity 58168K, committed 58240K, reserved 1099776K
  class space    used 7261K, capacity 7767K, committed 7808K, reserved 1048576K
}
Event: 297.239 GC heap before
{Heap before GC invocations=66 (full 0):
 garbage-first heap   total 95232K, used 79388K [0x0000000080000000, 0x0000000100000000)
  region size 1024K, 10 young (10240K), 1 survivors (1024K)
 Metaspace       used 57688K, capacity 59373K, committed 59392K, reserved 1101824K
  class space    used 7408K, capacity 7933K, committed 7936K, reserved 1048576K
}
Event: 297.243 GC heap after
{Heap after GC invocations=67 (full 0):
 garbage-first heap   total 95232K, used 70185K [0x0000000080000000, 0x0000000100000000)
  region size 1024K, 1 young (1024K), 1 survivors (1024K)
 Metaspace       used 57688K, capacity 59373K, committed 59392K, reserved 1101824K
  class space    used 7408K, capacity 7933K, committed 7936K, reserved 1048576K
}
Event: 304.108 GC heap before
{Heap before GC invocations=68 (full 0):
 garbage-first heap   total 95232K, used 79401K [0x0000000080000000, 0x0000000100000000)
  region size 1024K, 10 young (10240K), 1 survivors (1024K)
 Metaspace       used 58970K, capacity 60574K, committed 60672K, reserved 1101824K
  class space    used 7566K, capacity 8100K, committed 8192K, reserved 1048576K
}
Event: 304.182 GC heap after
{Heap after GC invocations=69 (full 0):
 garbage-first heap   total 95232K, used 70555K [0x0000000080000000, 0x0000000100000000)
  region size 1024K, 2 young (2048K), 2 survivors (2048K)
 Metaspace       used 58970K, capacity 60574K, committed 60672K, reserved 1101824K
  class space    used 7566K, capacity 8100K, committed 8192K, reserved 1048576K
}
Event: 314.862 GC heap before
{Heap before GC invocations=69 (full 0):
 garbage-first heap   total 95232K, used 79771K [0x0000000080000000, 0x0000000100000000)
  region size 1024K, 11 young (11264K), 2 survivors (2048K)
 Metaspace       used 60249K, capacity 61900K, committed 62080K, reserved 1103872K
  class space    used 7747K, capacity 8307K, committed 8320K, reserved 1048576K
}
Event: 314.989 GC heap after
{Heap after GC invocations=70 (full 0):
 garbage-first heap   total 95232K, used 70995K [0x0000000080000000, 0x0000000100000000)
  region size 1024K, 2 young (2048K), 2 survivors (2048K)
 Metaspace       used 60249K, capacity 61900K, committed 62080K, reserved 1103872K
  class space    used 7747K, capacity 8307K, committed 8320K, reserved 1048576K
}
Event: 322.555 GC heap before
{Heap before GC invocations=71 (full 0):
 garbage-first heap   total 95232K, used 79187K [0x0000000080000000, 0x0000000100000000)
  region size 1024K, 11 young (11264K), 2 survivors (2048K)
 Metaspace       used 62046K, capacity 63785K, committed 63872K, reserved 1103872K
  class space    used 7925K, capacity 8509K, committed 8576K, reserved 1048576K
}
Event: 323.077 GC heap after
{Heap after GC invocations=72 (full 0):
 garbage-first heap   total 95232K, used 71177K [0x0000000080000000, 0x0000000100000000)
  region size 1024K, 2 young (2048K), 2 survivors (2048K)
 Metaspace       used 62046K, capacity 63785K, committed 63872K, reserved 1103872K
  class space    used 7925K, capacity 8509K, committed 8576K, reserved 1048576K
}
Event: 333.256 GC heap before
{Heap before GC invocations=72 (full 0):
 garbage-first heap   total 95232K, used 80393K [0x0000000080000000, 0x0000000100000000)
  region size 1024K, 11 young (11264K), 2 survivors (2048K)
 Metaspace       used 62992K, capacity 64736K, committed 64768K, reserved 1105920K
  class space    used 8058K, capacity 8694K, committed 8704K, reserved 1048576K
}
Event: 334.155 GC heap after
{Heap after GC invocations=73 (full 0):
 garbage-first heap   total 95232K, used 71629K [0x0000000080000000, 0x0000000100000000)
  region size 1024K, 2 young (2048K), 2 survivors (2048K)
 Metaspace       used 62992K, capacity 64736K, committed 64768K, reserved 1105920K
  class space    used 8058K, capacity 8694K, committed 8704K, reserved 1048576K
}
Event: 363.267 GC heap before
{Heap before GC invocations=74 (full 0):
 garbage-first heap   total 95232K, used 76749K [0x0000000080000000, 0x0000000100000000)
  region size 1024K, 7 young (7168K), 2 survivors (2048K)
 Metaspace       used 64253K, capacity 65947K, committed 66176K, reserved 1105920K
  class space    used 8217K, capacity 8821K, committed 8832K, reserved 1048576K
}
Event: 369.416 GC heap after
{Heap after GC invocations=75 (full 0):
 garbage-first heap   total 151552K, used 72037K [0x0000000080000000, 0x0000000100000000)
  region size 1024K, 1 young (1024K), 1 survivors (1024K)
 Metaspace       used 64253K, capacity 65947K, committed 66176K, reserved 1105920K
  class space    used 8217K, capacity 8821K, committed 8832K, reserved 1048576K
}
Event: 378.228 GC heap before
{Heap before GC invocations=75 (full 0):
 garbage-first heap   total 151552K, used 78181K [0x0000000080000000, 0x0000000100000000)
  region size 1024K, 7 young (7168K), 1 survivors (1024K)
 Metaspace       used 64759K, capacity 66541K, committed 66816K, reserved 1107968K
  class space    used 8294K, capacity 8935K, committed 8960K, reserved 1048576K
}
Event: 379.800 GC heap after
{Heap after GC invocations=76 (full 0):
 garbage-first heap   total 151552K, used 72305K [0x0000000080000000, 0x0000000100000000)
  region size 1024K, 1 young (1024K), 1 survivors (1024K)
 Metaspace       used 64759K, capacity 66541K, committed 66816K, reserved 1107968K
  class space    used 8294K, capacity 8935K, committed 8960K, reserved 1048576K
}
Event: 400.210 GC heap before
{Heap before GC invocations=77 (full 0):
 garbage-first heap   total 151552K, used 77425K [0x0000000080000000, 0x0000000100000000)
  region size 1024K, 7 young (7168K), 1 survivors (1024K)
 Metaspace       used 66054K, capacity 67828K, committed 67968K, reserved 1107968K
  class space    used 8429K, capacity 9065K, committed 9088K, reserved 1048576K
}
Event: 407.029 GC heap after
{Heap after GC invocations=78 (full 0):
 garbage-first heap   total 151552K, used 73436K [0x0000000080000000, 0x0000000100000000)
  region size 1024K, 1 young (1024K), 1 survivors (1024K)
 Metaspace       used 66054K, capacity 67828K, committed 67968K, reserved 1107968K
  class space    used 8429K, capacity 9065K, committed 9088K, reserved 1048576K
}
Event: 407.043 GC heap before
{Heap before GC invocations=78 (full 0):
 garbage-first heap   total 151552K, used 78556K [0x0000000080000000, 0x0000000100000000)
  region size 1024K, 7 young (7168K), 1 survivors (1024K)
 Metaspace       used 66054K, capacity 67828K, committed 67968K, reserved 1107968K
  class space    used 8429K, capacity 9065K, committed 9088K, reserved 1048576K
}
Event: 411.939 GC heap after
{Heap after GC invocations=79 (full 0):
 garbage-first heap   total 151552K, used 75658K [0x0000000080000000, 0x0000000100000000)
  region size 1024K, 1 young (1024K), 1 survivors (1024K)
 Metaspace       used 66054K, capacity 67828K, committed 67968K, reserved 1107968K
  class space    used 8429K, capacity 9065K, committed 9088K, reserved 1048576K
}
Event: 413.218 GC heap before
{Heap before GC invocations=80 (full 0):
 garbage-first heap   total 151552K, used 80778K [0x0000000080000000, 0x0000000100000000)
  region size 1024K, 7 young (7168K), 1 survivors (1024K)
 Metaspace       used 66478K, capacity 68320K, committed 68608K, reserved 1107968K
  class space    used 8478K, capacity 9099K, committed 9216K, reserved 1048576K
}

