# JRE version: OpenJDK Runtime Environment (11.0.10) (build 11.0.10+0-b96-7249189)
# Java VM: OpenJDK 64-Bit Server VM (11.0.10+0-b96-7249189, mixed mode, tiered, compressed oops, g1 gc, windows-amd64)
Heap:
 garbage-first heap   total 562176K, used 90436K [0x0000000080000000, 0x0000000100000000)
  region size 1024K, 2 young (2048K), 2 survivors (2048K)
 Metaspace       used 111286K, capacity 114305K, committed 114688K, reserved 1148928K
  class space    used 14365K, capacity 15495K, committed 15616K, reserved 1048576K
GC Heap History (20 events):
Event: 6103.311 GC heap after
{Heap after GC invocations=185 (full 0):
 garbage-first heap   total 154624K, used 104662K [0x0000000080000000, 0x0000000100000000)
  region size 1024K, 1 young (1024K), 1 survivors (1024K)
 Metaspace       used 110245K, capacity 113120K, committed 113920K, reserved 1146880K
  class space    used 14319K, capacity 15412K, committed 15616K, reserved 1048576K
}
Event: 6104.392 GC heap before
{Heap before GC invocations=185 (full 0):
 garbage-first heap   total 154624K, used 110806K [0x0000000080000000, 0x0000000100000000)
  region size 1024K, 7 young (7168K), 1 survivors (1024K)
 Metaspace       used 110285K, capacity 113121K, committed 113920K, reserved 1146880K
  class space    used 14319K, capacity 15412K, committed 15616K, reserved 1048576K
}
Event: 6104.808 GC heap after
{Heap after GC invocations=186 (full 0):
 garbage-first heap   total 154624K, used 106450K [0x0000000080000000, 0x0000000100000000)
  region size 1024K, 1 young (1024K), 1 survivors (1024K)
 Metaspace       used 110285K, capacity 113121K, committed 113920K, reserved 1146880K
  class space    used 14319K, capacity 15412K, committed 15616K, reserved 1048576K
}
Event: 6107.629 GC heap before
{Heap before GC invocations=186 (full 0):
 garbage-first heap   total 154624K, used 112594K [0x0000000080000000, 0x0000000100000000)
  region size 1024K, 7 young (7168K), 1 survivors (1024K)
 Metaspace       used 110328K, capacity 113250K, committed 113920K, reserved 1146880K
  class space    used 14319K, capacity 15412K, committed 15616K, reserved 1048576K
}
Event: 6108.147 GC heap after
{Heap after GC invocations=187 (full 0):
 garbage-first heap   total 154624K, used 108096K [0x0000000080000000, 0x0000000100000000)
  region size 1024K, 1 young (1024K), 1 survivors (1024K)
 Metaspace       used 110328K, capacity 113250K, committed 113920K, reserved 1146880K
  class space    used 14319K, capacity 15412K, committed 15616K, reserved 1048576K
}
Event: 6113.607 GC heap before
{Heap before GC invocations=188 (full 0):
 garbage-first heap   total 154624K, used 114240K [0x0000000080000000, 0x0000000100000000)
  region size 1024K, 7 young (7168K), 1 survivors (1024K)
 Metaspace       used 110474K, capacity 113384K, committed 114176K, reserved 1148928K
  class space    used 14319K, capacity 15412K, committed 15616K, reserved 1048576K
}
Event: 6116.658 GC heap after
{Heap after GC invocations=189 (full 0):
 garbage-first heap   total 154624K, used 109332K [0x0000000080000000, 0x0000000100000000)
  region size 1024K, 1 young (1024K), 1 survivors (1024K)
 Metaspace       used 110474K, capacity 113384K, committed 114176K, reserved 1148928K
  class space    used 14319K, capacity 15412K, committed 15616K, reserved 1048576K
}
Event: 6123.270 GC heap before
{Heap before GC invocations=189 (full 0):
 garbage-first heap   total 154624K, used 115476K [0x0000000080000000, 0x0000000100000000)
  region size 1024K, 7 young (7168K), 1 survivors (1024K)
 Metaspace       used 110584K, capacity 113491K, committed 114176K, reserved 1148928K
  class space    used 14325K, capacity 15424K, committed 15616K, reserved 1048576K
}
Event: 6126.830 GC heap after
{Heap after GC invocations=190 (full 0):
 garbage-first heap   total 154624K, used 100664K [0x0000000080000000, 0x0000000100000000)
  region size 1024K, 1 young (1024K), 1 survivors (1024K)
 Metaspace       used 110584K, capacity 113491K, committed 114176K, reserved 1148928K
  class space    used 14325K, capacity 15424K, committed 15616K, reserved 1048576K
}
Event: 6133.657 GC heap before
{Heap before GC invocations=190 (full 0):
 garbage-first heap   total 154624K, used 105784K [0x0000000080000000, 0x0000000100000000)
  region size 1024K, 7 young (7168K), 1 survivors (1024K)
 Metaspace       used 110779K, capacity 113676K, committed 114176K, reserved 1148928K
  class space    used 14339K, capacity 15450K, committed 15616K, reserved 1048576K
}
Event: 6143.590 GC heap after
{Heap after GC invocations=191 (full 0):
 garbage-first heap   total 250880K, used 96862K [0x0000000080000000, 0x0000000100000000)
  region size 1024K, 1 young (1024K), 1 survivors (1024K)
 Metaspace       used 110779K, capacity 113676K, committed 114176K, reserved 1148928K
  class space    used 14339K, capacity 15450K, committed 15616K, reserved 1048576K
}
Event: 6150.971 GC heap before
{Heap before GC invocations=191 (full 0):
 garbage-first heap   total 250880K, used 108126K [0x0000000080000000, 0x0000000100000000)
  region size 1024K, 12 young (12288K), 1 survivors (1024K)
 Metaspace       used 111083K, capacity 114137K, committed 114432K, reserved 1148928K
  class space    used 14351K, capacity 15471K, committed 15616K, reserved 1048576K
}
Event: 6152.588 GC heap after
{Heap after GC invocations=192 (full 0):
 garbage-first heap   total 250880K, used 97255K [0x0000000080000000, 0x0000000100000000)
  region size 1024K, 2 young (2048K), 2 survivors (2048K)
 Metaspace       used 111083K, capacity 114137K, committed 114432K, reserved 1148928K
  class space    used 14351K, capacity 15471K, committed 15616K, reserved 1048576K
}
Event: 6153.906 GC heap before
{Heap before GC invocations=193 (full 0):
 garbage-first heap   total 250880K, used 107495K [0x0000000080000000, 0x0000000100000000)
  region size 1024K, 12 young (12288K), 2 survivors (2048K)
 Metaspace       used 111093K, capacity 114131K, committed 114432K, reserved 1148928K
  class space    used 14351K, capacity 15470K, committed 15616K, reserved 1048576K
}
Event: 6157.360 GC heap after
{Heap after GC invocations=194 (full 0):
 garbage-first heap   total 250880K, used 97313K [0x0000000080000000, 0x0000000100000000)
  region size 1024K, 1 young (1024K), 1 survivors (1024K)
 Metaspace       used 111093K, capacity 114131K, committed 114432K, reserved 1148928K
  class space    used 14351K, capacity 15470K, committed 15616K, reserved 1048576K
}
Event: 6395.076 GC heap before
{Heap before GC invocations=194 (full 0):
 garbage-first heap   total 250880K, used 115745K [0x0000000080000000, 0x0000000100000000)
  region size 1024K, 12 young (12288K), 1 survivors (1024K)
 Metaspace       used 111175K, capacity 114210K, committed 114432K, reserved 1148928K
  class space    used 14363K, capacity 15491K, committed 15616K, reserved 1048576K
}
Event: 6395.378 GC heap after
{Heap after GC invocations=195 (full 0):
 garbage-first heap   total 250880K, used 91157K [0x0000000080000000, 0x0000000100000000)
  region size 1024K, 2 young (2048K), 2 survivors (2048K)
 Metaspace       used 111175K, capacity 114210K, committed 114432K, reserved 1148928K
  class space    used 14363K, capacity 15491K, committed 15616K, reserved 1048576K
}
Event: 6395.933 GC heap before
{Heap before GC invocations=195 (full 0):
 garbage-first heap   total 250880K, used 100373K [0x0000000080000000, 0x0000000100000000)
  region size 1024K, 12 young (12288K), 2 survivors (2048K)
 Metaspace       used 111193K, capacity 114210K, committed 114432K, reserved 1148928K
  class space    used 14363K, capacity 15491K, committed 15616K, reserved 1048576K
}
Event: 6401.118 GC heap after
{Heap after GC invocations=196 (full 0):
 garbage-first heap   total 250880K, used 88481K [0x0000000080000000, 0x0000000100000000)
  region size 1024K, 2 young (2048K), 2 survivors (2048K)
 Metaspace       used 111193K, capacity 114210K, committed 114432K, reserved 1148928K
  class space    used 14363K, capacity 15491K, committed 15616K, reserved 1048576K
}
Event: 6403.523 GC heap before
{Heap before GC invocations=196 (full 0):
 garbage-first heap   total 250880K, used 97697K [0x0000000080000000, 0x0000000100000000)
  region size 1024K, 12 young (12288K), 2 survivors (2048K)
 Metaspace       used 111286K, capacity 114305K, committed 114688K, reserved 1148928K
  class space    used 14365K, capacity 15495K, committed 15616K, reserved 1048576K
}

