# JRE version: OpenJDK Runtime Environment (11.0.11+9) (build 11.0.11+9-b60-7590822)
# Java VM: OpenJDK 64-Bit Server VM (11.0.11+9-b60-7590822, mixed mode, tiered, compressed oops, g1 gc, windows-amd64)
Heap:
 garbage-first heap   total 172032K, used 115384K [0x0000000080000000, 0x0000000100000000)
  region size 1024K, 12 young (12288K), 5 survivors (5120K)
 Metaspace       used 92234K, capacity 94635K, committed 94720K, reserved 1130496K
  class space    used 11899K, capacity 12739K, committed 12800K, reserved 1048576K
GC Heap History (20 events):
Event: 650.584 GC heap before
{Heap before GC invocations=260 (full 0):
 garbage-first heap   total 172032K, used 85344K [0x0000000080000000, 0x0000000100000000)
  region size 1024K, 4 young (4096K), 3 survivors (3072K)
 Metaspace       used 77029K, capacity 78943K, committed 79104K, reserved 1118208K
  class space    used 10024K, capacity 10702K, committed 10752K, reserved 1048576K
}
Event: 650.591 GC heap after
{Heap after GC invocations=261 (full 0):
 garbage-first heap   total 172032K, used 85553K [0x0000000080000000, 0x0000000100000000)
  region size 1024K, 3 young (3072K), 3 survivors (3072K)
 Metaspace       used 77029K, capacity 78943K, committed 79104K, reserved 1118208K
  class space    used 10024K, capacity 10702K, committed 10752K, reserved 1048576K
}
Event: 661.824 GC heap before
{Heap before GC invocations=262 (full 0):
 garbage-first heap   total 172032K, used 88625K [0x0000000080000000, 0x0000000100000000)
  region size 1024K, 5 young (5120K), 3 survivors (3072K)
 Metaspace       used 77030K, capacity 78943K, committed 79104K, reserved 1118208K
  class space    used 10024K, capacity 10702K, committed 10752K, reserved 1048576K
}
Event: 661.831 GC heap after
{Heap after GC invocations=263 (full 0):
 garbage-first heap   total 172032K, used 89764K [0x0000000080000000, 0x0000000100000000)
  region size 1024K, 4 young (4096K), 4 survivors (4096K)
 Metaspace       used 77030K, capacity 78943K, committed 79104K, reserved 1118208K
  class space    used 10024K, capacity 10702K, committed 10752K, reserved 1048576K
}
Event: 733.449 GC heap before
{Heap before GC invocations=264 (full 0):
 garbage-first heap   total 172032K, used 128676K [0x0000000080000000, 0x0000000100000000)
  region size 1024K, 39 young (39936K), 4 survivors (4096K)
 Metaspace       used 78432K, capacity 80571K, committed 80896K, reserved 1120256K
  class space    used 10211K, capacity 10920K, committed 11008K, reserved 1048576K
}
Event: 733.461 GC heap after
{Heap after GC invocations=265 (full 0):
 garbage-first heap   total 172032K, used 97841K [0x0000000080000000, 0x0000000100000000)
  region size 1024K, 5 young (5120K), 5 survivors (5120K)
 Metaspace       used 78432K, capacity 80571K, committed 80896K, reserved 1120256K
  class space    used 10211K, capacity 10920K, committed 11008K, reserved 1048576K
}
Event: 766.322 GC heap before
{Heap before GC invocations=265 (full 0):
 garbage-first heap   total 172032K, used 131633K [0x0000000080000000, 0x0000000100000000)
  region size 1024K, 38 young (38912K), 5 survivors (5120K)
 Metaspace       used 80596K, capacity 82599K, committed 82688K, reserved 1120256K
  class space    used 10492K, capacity 11186K, committed 11264K, reserved 1048576K
}
Event: 766.332 GC heap after
{Heap after GC invocations=266 (full 0):
 garbage-first heap   total 172032K, used 99898K [0x0000000080000000, 0x0000000100000000)
  region size 1024K, 2 young (2048K), 2 survivors (2048K)
 Metaspace       used 80596K, capacity 82599K, committed 82688K, reserved 1120256K
  class space    used 10492K, capacity 11186K, committed 11264K, reserved 1048576K
}
Event: 777.056 GC heap before
{Heap before GC invocations=267 (full 0):
 garbage-first heap   total 172032K, used 117306K [0x0000000080000000, 0x0000000100000000)
  region size 1024K, 21 young (21504K), 2 survivors (2048K)
 Metaspace       used 82601K, capacity 84755K, committed 84992K, reserved 1122304K
  class space    used 10748K, capacity 11478K, committed 11520K, reserved 1048576K
}
Event: 777.064 GC heap after
{Heap after GC invocations=268 (full 0):
 garbage-first heap   total 172032K, used 100922K [0x0000000080000000, 0x0000000100000000)
  region size 1024K, 3 young (3072K), 3 survivors (3072K)
 Metaspace       used 82601K, capacity 84755K, committed 84992K, reserved 1122304K
  class space    used 10748K, capacity 11478K, committed 11520K, reserved 1048576K
}
Event: 837.461 GC heap before
{Heap before GC invocations=269 (full 0):
 garbage-first heap   total 172032K, used 132666K [0x0000000080000000, 0x0000000100000000)
  region size 1024K, 33 young (33792K), 3 survivors (3072K)
 Metaspace       used 87464K, capacity 89653K, committed 89984K, reserved 1126400K
  class space    used 11320K, capacity 12077K, committed 12160K, reserved 1048576K
}
Event: 837.471 GC heap after
{Heap after GC invocations=270 (full 0):
 garbage-first heap   total 172032K, used 101815K [0x0000000080000000, 0x0000000100000000)
  region size 1024K, 2 young (2048K), 2 survivors (2048K)
 Metaspace       used 87464K, capacity 89653K, committed 89984K, reserved 1126400K
  class space    used 11320K, capacity 12077K, committed 12160K, reserved 1048576K
}
Event: 891.022 GC heap before
{Heap before GC invocations=270 (full 0):
 garbage-first heap   total 172032K, used 133559K [0x0000000080000000, 0x0000000100000000)
  region size 1024K, 33 young (33792K), 2 survivors (2048K)
 Metaspace       used 89934K, capacity 92219K, committed 92416K, reserved 1128448K
  class space    used 11653K, capacity 12453K, committed 12544K, reserved 1048576K
}
Event: 891.033 GC heap after
{Heap after GC invocations=271 (full 0):
 garbage-first heap   total 172032K, used 103602K [0x0000000080000000, 0x0000000100000000)
  region size 1024K, 4 young (4096K), 4 survivors (4096K)
 Metaspace       used 89934K, capacity 92219K, committed 92416K, reserved 1128448K
  class space    used 11653K, capacity 12453K, committed 12544K, reserved 1048576K
}
Event: 1285.748 GC heap before
{Heap before GC invocations=272 (full 0):
 garbage-first heap   total 172032K, used 135346K [0x0000000080000000, 0x0000000100000000)
  region size 1024K, 35 young (35840K), 4 survivors (4096K)
 Metaspace       used 91012K, capacity 93387K, committed 93568K, reserved 1130496K
  class space    used 11811K, capacity 12641K, committed 12672K, reserved 1048576K
}
Event: 1285.874 GC heap after
{Heap after GC invocations=273 (full 0):
 garbage-first heap   total 172032K, used 106134K [0x0000000080000000, 0x0000000100000000)
  region size 1024K, 5 young (5120K), 5 survivors (5120K)
 Metaspace       used 91012K, capacity 93387K, committed 93568K, reserved 1130496K
  class space    used 11811K, capacity 12641K, committed 12672K, reserved 1048576K
}
Event: 1431.772 GC heap before
{Heap before GC invocations=273 (full 0):
 garbage-first heap   total 172032K, used 136854K [0x0000000080000000, 0x0000000100000000)
  region size 1024K, 36 young (36864K), 5 survivors (5120K)
 Metaspace       used 91282K, capacity 93633K, committed 93824K, reserved 1130496K
  class space    used 11818K, capacity 12651K, committed 12672K, reserved 1048576K
}
Event: 1431.785 GC heap after
{Heap after GC invocations=274 (full 0):
 garbage-first heap   total 172032K, used 107768K [0x0000000080000000, 0x0000000100000000)
  region size 1024K, 5 young (5120K), 5 survivors (5120K)
 Metaspace       used 91282K, capacity 93633K, committed 93824K, reserved 1130496K
  class space    used 11818K, capacity 12651K, committed 12672K, reserved 1048576K
}
Event: 1501.085 GC heap before
{Heap before GC invocations=275 (full 0):
 garbage-first heap   total 172032K, used 138488K [0x0000000080000000, 0x0000000100000000)
  region size 1024K, 36 young (36864K), 5 survivors (5120K)
 Metaspace       used 92059K, capacity 94484K, committed 94720K, reserved 1130496K
  class space    used 11894K, capacity 12736K, committed 12800K, reserved 1048576K
}
Event: 1501.116 GC heap after
{Heap after GC invocations=276 (full 0):
 garbage-first heap   total 172032K, used 109240K [0x0000000080000000, 0x0000000100000000)
  region size 1024K, 5 young (5120K), 5 survivors (5120K)
 Metaspace       used 92059K, capacity 94484K, committed 94720K, reserved 1130496K
  class space    used 11894K, capacity 12736K, committed 12800K, reserved 1048576K
}

