# JRE version: OpenJDK Runtime Environment (11.0.11+9) (build 11.0.11+9-b60-7590822)
# Java VM: OpenJDK 64-Bit Server VM (11.0.11+9-b60-7590822, mixed mode, tiered, compressed oops, g1 gc, windows-amd64)
Heap:
 garbage-first heap   total 1148928K, used 144823K [0x0000000080000000, 0x0000000100000000)
  region size 1024K, 2 young (2048K), 2 survivors (2048K)
 Metaspace       used 107550K, capacity 110375K, committed 110592K, reserved 1144832K
  class space    used 13528K, capacity 14585K, committed 14592K, reserved 1048576K
GC Heap History (20 events):
Event: 243.428 GC heap after
{Heap after GC invocations=134 (full 0):
 garbage-first heap   total 210944K, used 143001K [0x0000000080000000, 0x0000000100000000)
  region size 1024K, 2 young (2048K), 2 survivors (2048K)
 Metaspace       used 107080K, capacity 109890K, committed 110080K, reserved 1144832K
  class space    used 13505K, capacity 14561K, committed 14592K, reserved 1048576K
}
Event: 243.802 GC heap before
{Heap before GC invocations=134 (full 0):
 garbage-first heap   total 210944K, used 182937K [0x0000000080000000, 0x0000000100000000)
  region size 1024K, 42 young (43008K), 2 survivors (2048K)
 Metaspace       used 107124K, capacity 109958K, committed 110080K, reserved 1144832K
  class space    used 13505K, capacity 14561K, committed 14592K, reserved 1048576K
}
Event: 243.820 GC heap after
{Heap after GC invocations=135 (full 0):
 garbage-first heap   total 253952K, used 143464K [0x0000000080000000, 0x0000000100000000)
  region size 1024K, 3 young (3072K), 3 survivors (3072K)
 Metaspace       used 107124K, capacity 109958K, committed 110080K, reserved 1144832K
  class space    used 13505K, capacity 14561K, committed 14592K, reserved 1048576K
}
Event: 244.079 GC heap before
{Heap before GC invocations=135 (full 0):
 garbage-first heap   total 253952K, used 210024K [0x0000000080000000, 0x0000000100000000)
  region size 1024K, 68 young (69632K), 3 survivors (3072K)
 Metaspace       used 107173K, capacity 109963K, committed 110080K, reserved 1144832K
  class space    used 13505K, capacity 14561K, committed 14592K, reserved 1048576K
}
Event: 244.091 GC heap after
{Heap after GC invocations=136 (full 0):
 garbage-first heap   total 253952K, used 143209K [0x0000000080000000, 0x0000000100000000)
  region size 1024K, 3 young (3072K), 3 survivors (3072K)
 Metaspace       used 107173K, capacity 109963K, committed 110080K, reserved 1144832K
  class space    used 13505K, capacity 14561K, committed 14592K, reserved 1048576K
}
Event: 244.460 GC heap before
{Heap before GC invocations=136 (full 0):
 garbage-first heap   total 253952K, used 215913K [0x0000000080000000, 0x0000000100000000)
  region size 1024K, 74 young (75776K), 3 survivors (3072K)
 Metaspace       used 107219K, capacity 110029K, committed 110080K, reserved 1144832K
  class space    used 13505K, capacity 14561K, committed 14592K, reserved 1048576K
}
Event: 244.466 GC heap after
{Heap after GC invocations=137 (full 0):
 garbage-first heap   total 253952K, used 143307K [0x0000000080000000, 0x0000000100000000)
  region size 1024K, 3 young (3072K), 3 survivors (3072K)
 Metaspace       used 107219K, capacity 110029K, committed 110080K, reserved 1144832K
  class space    used 13505K, capacity 14561K, committed 14592K, reserved 1048576K
}
Event: 247.011 GC heap before
{Heap before GC invocations=137 (full 0):
 garbage-first heap   total 253952K, used 220107K [0x0000000080000000, 0x0000000100000000)
  region size 1024K, 78 young (79872K), 3 survivors (3072K)
 Metaspace       used 107269K, capacity 110094K, committed 110336K, reserved 1144832K
  class space    used 13505K, capacity 14561K, committed 14592K, reserved 1048576K
}
Event: 247.045 GC heap after
{Heap after GC invocations=138 (full 0):
 garbage-first heap   total 253952K, used 143517K [0x0000000080000000, 0x0000000100000000)
  region size 1024K, 3 young (3072K), 3 survivors (3072K)
 Metaspace       used 107269K, capacity 110094K, committed 110336K, reserved 1144832K
  class space    used 13505K, capacity 14561K, committed 14592K, reserved 1048576K
}
Event: 247.988 GC heap before
{Heap before GC invocations=138 (full 0):
 garbage-first heap   total 253952K, used 220317K [0x0000000080000000, 0x0000000100000000)
  region size 1024K, 79 young (80896K), 3 survivors (3072K)
 Metaspace       used 107298K, capacity 110158K, committed 110336K, reserved 1144832K
  class space    used 13505K, capacity 14561K, committed 14592K, reserved 1048576K
}
Event: 248.267 GC heap after
{Heap after GC invocations=139 (full 0):
 garbage-first heap   total 253952K, used 143905K [0x0000000080000000, 0x0000000100000000)
  region size 1024K, 3 young (3072K), 3 survivors (3072K)
 Metaspace       used 107298K, capacity 110158K, committed 110336K, reserved 1144832K
  class space    used 13505K, capacity 14561K, committed 14592K, reserved 1048576K
}
Event: 248.891 GC heap before
{Heap before GC invocations=139 (full 0):
 garbage-first heap   total 253952K, used 222753K [0x0000000080000000, 0x0000000100000000)
  region size 1024K, 80 young (81920K), 3 survivors (3072K)
 Metaspace       used 107336K, capacity 110170K, committed 110336K, reserved 1144832K
  class space    used 13506K, capacity 14564K, committed 14592K, reserved 1048576K
}
Event: 248.940 GC heap after
{Heap after GC invocations=140 (full 0):
 garbage-first heap   total 516096K, used 144908K [0x0000000080000000, 0x0000000100000000)
  region size 1024K, 4 young (4096K), 4 survivors (4096K)
 Metaspace       used 107336K, capacity 110170K, committed 110336K, reserved 1144832K
  class space    used 13506K, capacity 14564K, committed 14592K, reserved 1048576K
}
Event: 250.937 GC heap before
{Heap before GC invocations=140 (full 0):
 garbage-first heap   total 516096K, used 274956K [0x0000000080000000, 0x0000000100000000)
  region size 1024K, 131 young (134144K), 4 survivors (4096K)
 Metaspace       used 107393K, capacity 110180K, committed 110336K, reserved 1144832K
  class space    used 13508K, capacity 14566K, committed 14592K, reserved 1048576K
}
Event: 251.134 GC heap after
{Heap after GC invocations=141 (full 0):
 garbage-first heap   total 516096K, used 144637K [0x0000000080000000, 0x0000000100000000)
  region size 1024K, 3 young (3072K), 3 survivors (3072K)
 Metaspace       used 107393K, capacity 110180K, committed 110336K, reserved 1144832K
  class space    used 13508K, capacity 14566K, committed 14592K, reserved 1048576K
}
Event: 255.918 GC heap before
{Heap before GC invocations=141 (full 0):
 garbage-first heap   total 516096K, used 259325K [0x0000000080000000, 0x0000000100000000)
  region size 1024K, 115 young (117760K), 3 survivors (3072K)
 Metaspace       used 107485K, capacity 110282K, committed 110336K, reserved 1144832K
  class space    used 13520K, capacity 14577K, committed 14592K, reserved 1048576K
}
Event: 258.711 GC heap after
{Heap after GC invocations=142 (full 0):
 garbage-first heap   total 516096K, used 144708K [0x0000000080000000, 0x0000000100000000)
  region size 1024K, 3 young (3072K), 3 survivors (3072K)
 Metaspace       used 107485K, capacity 110282K, committed 110336K, reserved 1144832K
  class space    used 13520K, capacity 14577K, committed 14592K, reserved 1048576K
}
Event: 259.251 GC heap before
{Heap before GC invocations=142 (full 0):
 garbage-first heap   total 516096K, used 167236K [0x0000000080000000, 0x0000000100000000)
  region size 1024K, 25 young (25600K), 3 survivors (3072K)
 Metaspace       used 107535K, capacity 110375K, committed 110592K, reserved 1144832K
  class space    used 13526K, capacity 14585K, committed 14592K, reserved 1048576K
}
Event: 259.488 GC heap after
{Heap after GC invocations=143 (full 0):
 garbage-first heap   total 516096K, used 145338K [0x0000000080000000, 0x0000000100000000)
  region size 1024K, 3 young (3072K), 3 survivors (3072K)
 Metaspace       used 107535K, capacity 110375K, committed 110592K, reserved 1144832K
  class space    used 13526K, capacity 14585K, committed 14592K, reserved 1048576K
}
Event: 259.805 GC heap before
{Heap before GC invocations=143 (full 0):
 garbage-first heap   total 516096K, used 167866K [0x0000000080000000, 0x0000000100000000)
  region size 1024K, 25 young (25600K), 3 survivors (3072K)
 Metaspace       used 107550K, capacity 110375K, committed 110592K, reserved 1144832K
  class space    used 13528K, capacity 14585K, committed 14592K, reserved 1048576K
}

