# JRE version: OpenJDK Runtime Environment (11.0.11+9) (build 11.0.11+9-b60-7590822)
# Java VM: OpenJDK 64-Bit Server VM (11.0.11+9-b60-7590822, mixed mode, tiered, compressed oops, g1 gc, windows-amd64)
Heap:
 garbage-first heap   total 110592K, used 73343K [0x0000000080000000, 0x0000000100000000)
  region size 1024K, 1 young (1024K), 1 survivors (1024K)
 Metaspace       used 64173K, capacity 65913K, committed 66096K, reserved 1105920K
  class space    used 8144K, capacity 8741K, committed 8832K, reserved 1048576K
GC Heap History (20 events):
Event: 218.531 GC heap after
{Heap after GC invocations=152 (full 0):
 garbage-first heap   total 76800K, used 72374K [0x0000000080000000, 0x0000000100000000)
  region size 1024K, 1 young (1024K), 1 survivors (1024K)
 Metaspace       used 61533K, capacity 63250K, committed 63408K, reserved 1103872K
  class space    used 7807K, capacity 8372K, committed 8448K, reserved 1048576K
}
Event: 218.616 GC heap before
{Heap before GC invocations=152 (full 0):
 garbage-first heap   total 76800K, used 73398K [0x0000000080000000, 0x0000000100000000)
  region size 1024K, 3 young (3072K), 1 survivors (1024K)
 Metaspace       used 61698K, capacity 63411K, committed 63664K, reserved 1103872K
  class space    used 7828K, capacity 8404K, committed 8448K, reserved 1048576K
}
Event: 218.618 GC heap after
{Heap after GC invocations=153 (full 0):
 garbage-first heap   total 76800K, used 72632K [0x0000000080000000, 0x0000000100000000)
  region size 1024K, 1 young (1024K), 1 survivors (1024K)
 Metaspace       used 61698K, capacity 63411K, committed 63664K, reserved 1103872K
  class space    used 7828K, capacity 8404K, committed 8448K, reserved 1048576K
}
Event: 218.978 GC heap before
{Heap before GC invocations=154 (full 0):
 garbage-first heap   total 76800K, used 74680K [0x0000000080000000, 0x0000000100000000)
  region size 1024K, 3 young (3072K), 1 survivors (1024K)
 Metaspace       used 61950K, capacity 63749K, committed 64048K, reserved 1105920K
  class space    used 7870K, capacity 8471K, committed 8576K, reserved 1048576K
}
Event: 218.979 GC heap after
{Heap after GC invocations=155 (full 0):
 garbage-first heap   total 76800K, used 72649K [0x0000000080000000, 0x0000000100000000)
  region size 1024K, 1 young (1024K), 1 survivors (1024K)
 Metaspace       used 61950K, capacity 63749K, committed 64048K, reserved 1105920K
  class space    used 7870K, capacity 8471K, committed 8576K, reserved 1048576K
}
Event: 219.246 GC heap before
{Heap before GC invocations=155 (full 0):
 garbage-first heap   total 76800K, used 74697K [0x0000000080000000, 0x0000000100000000)
  region size 1024K, 3 young (3072K), 1 survivors (1024K)
 Metaspace       used 62242K, capacity 64037K, committed 64304K, reserved 1105920K
  class space    used 7898K, capacity 8503K, committed 8576K, reserved 1048576K
}
Event: 219.249 GC heap after
{Heap after GC invocations=156 (full 0):
 garbage-first heap   total 76800K, used 71679K [0x0000000080000000, 0x0000000100000000)
  region size 1024K, 1 young (1024K), 1 survivors (1024K)
 Metaspace       used 62242K, capacity 64037K, committed 64304K, reserved 1105920K
  class space    used 7898K, capacity 8503K, committed 8576K, reserved 1048576K
}
Event: 219.312 GC heap before
{Heap before GC invocations=156 (full 0):
 garbage-first heap   total 76800K, used 73727K [0x0000000080000000, 0x0000000100000000)
  region size 1024K, 3 young (3072K), 1 survivors (1024K)
 Metaspace       used 62541K, capacity 64328K, committed 64560K, reserved 1105920K
  class space    used 7932K, capacity 8536K, committed 8576K, reserved 1048576K
}
Event: 219.314 GC heap after
{Heap after GC invocations=157 (full 0):
 garbage-first heap   total 76800K, used 71830K [0x0000000080000000, 0x0000000100000000)
  region size 1024K, 1 young (1024K), 1 survivors (1024K)
 Metaspace       used 62541K, capacity 64328K, committed 64560K, reserved 1105920K
  class space    used 7932K, capacity 8536K, committed 8576K, reserved 1048576K
}
Event: 219.402 GC heap before
{Heap before GC invocations=157 (full 0):
 garbage-first heap   total 76800K, used 73878K [0x0000000080000000, 0x0000000100000000)
  region size 1024K, 3 young (3072K), 1 survivors (1024K)
 Metaspace       used 62722K, capacity 64458K, committed 64560K, reserved 1105920K
  class space    used 7950K, capacity 8536K, committed 8576K, reserved 1048576K
}
Event: 219.404 GC heap after
{Heap after GC invocations=158 (full 0):
 garbage-first heap   total 76800K, used 71971K [0x0000000080000000, 0x0000000100000000)
  region size 1024K, 1 young (1024K), 1 survivors (1024K)
 Metaspace       used 62722K, capacity 64458K, committed 64560K, reserved 1105920K
  class space    used 7950K, capacity 8536K, committed 8576K, reserved 1048576K
}
Event: 219.468 GC heap before
{Heap before GC invocations=158 (full 0):
 garbage-first heap   total 76800K, used 74019K [0x0000000080000000, 0x0000000100000000)
  region size 1024K, 3 young (3072K), 1 survivors (1024K)
 Metaspace       used 62877K, capacity 64625K, committed 64816K, reserved 1105920K
  class space    used 7969K, capacity 8569K, committed 8576K, reserved 1048576K
}
Event: 219.471 GC heap after
{Heap after GC invocations=159 (full 0):
 garbage-first heap   total 92160K, used 72203K [0x0000000080000000, 0x0000000100000000)
  region size 1024K, 1 young (1024K), 1 survivors (1024K)
 Metaspace       used 62877K, capacity 64625K, committed 64816K, reserved 1105920K
  class space    used 7969K, capacity 8569K, committed 8576K, reserved 1048576K
}
Event: 219.657 GC heap before
{Heap before GC invocations=160 (full 0):
 garbage-first heap   total 92160K, used 77323K [0x0000000080000000, 0x0000000100000000)
  region size 1024K, 6 young (6144K), 1 survivors (1024K)
 Metaspace       used 63242K, capacity 64986K, committed 65200K, reserved 1105920K
  class space    used 8019K, capacity 8603K, committed 8704K, reserved 1048576K
}
Event: 219.661 GC heap after
{Heap after GC invocations=161 (full 0):
 garbage-first heap   total 92160K, used 72797K [0x0000000080000000, 0x0000000100000000)
  region size 1024K, 1 young (1024K), 1 survivors (1024K)
 Metaspace       used 63242K, capacity 64986K, committed 65200K, reserved 1105920K
  class space    used 8019K, capacity 8603K, committed 8704K, reserved 1048576K
}
Event: 219.881 GC heap before
{Heap before GC invocations=161 (full 0):
 garbage-first heap   total 92160K, used 76893K [0x0000000080000000, 0x0000000100000000)
  region size 1024K, 5 young (5120K), 1 survivors (1024K)
 Metaspace       used 63751K, capacity 65519K, committed 65712K, reserved 1105920K
  class space    used 8069K, capacity 8674K, committed 8704K, reserved 1048576K
}
Event: 219.884 GC heap after
{Heap after GC invocations=162 (full 0):
 garbage-first heap   total 92160K, used 72933K [0x0000000080000000, 0x0000000100000000)
  region size 1024K, 1 young (1024K), 1 survivors (1024K)
 Metaspace       used 63751K, capacity 65519K, committed 65712K, reserved 1105920K
  class space    used 8069K, capacity 8674K, committed 8704K, reserved 1048576K
}
Event: 220.001 GC heap before
{Heap before GC invocations=162 (full 0):
 garbage-first heap   total 92160K, used 77029K [0x0000000080000000, 0x0000000100000000)
  region size 1024K, 5 young (5120K), 1 survivors (1024K)
 Metaspace       used 64107K, capacity 65849K, committed 66096K, reserved 1105920K
  class space    used 8139K, capacity 8741K, committed 8832K, reserved 1048576K
}
Event: 220.003 GC heap after
{Heap after GC invocations=163 (full 0):
 garbage-first heap   total 92160K, used 73101K [0x0000000080000000, 0x0000000100000000)
  region size 1024K, 1 young (1024K), 1 survivors (1024K)
 Metaspace       used 64107K, capacity 65849K, committed 66096K, reserved 1105920K
  class space    used 8139K, capacity 8741K, committed 8832K, reserved 1048576K
}
Event: 220.229 GC heap before
{Heap before GC invocations=164 (full 0):
 garbage-first heap   total 92160K, used 73101K [0x0000000080000000, 0x0000000100000000)
  region size 1024K, 2 young (2048K), 1 survivors (1024K)
 Metaspace       used 64173K, capacity 65913K, committed 66096K, reserved 1105920K
  class space    used 8144K, capacity 8741K, committed 8832K, reserved 1048576K
}

