# JRE version: OpenJDK Runtime Environment (11.0.10) (build 11.0.10+0-b96-7249189)
# Java VM: OpenJDK 64-Bit Server VM (11.0.10+0-b96-7249189, mixed mode, tiered, compressed oops, g1 gc, windows-amd64)
Heap:
 garbage-first heap   total 540672K, used 119119K [0x0000000080000000, 0x0000000100000000)
  region size 1024K, 2 young (2048K), 2 survivors (2048K)
 Metaspace       used 114837K, capacity 118119K, committed 118400K, reserved 1150976K
  class space    used 14690K, capacity 15894K, committed 16000K, reserved 1048576K
GC Heap History (20 events):
Event: 1757.517 GC heap after
{Heap after GC invocations=111 (full 0):
 garbage-first heap   total 199680K, used 105878K [0x0000000080000000, 0x0000000100000000)
  region size 1024K, 1 young (1024K), 1 survivors (1024K)
 Metaspace       used 114298K, capacity 117538K, committed 117888K, reserved 1150976K
  class space    used 14669K, capacity 15863K, committed 16000K, reserved 1048576K
}
Event: 1757.723 GC heap before
{Heap before GC invocations=111 (full 0):
 garbage-first heap   total 199680K, used 113046K [0x0000000080000000, 0x0000000100000000)
  region size 1024K, 9 young (9216K), 1 survivors (1024K)
 Metaspace       used 114299K, capacity 117538K, committed 117888K, reserved 1150976K
  class space    used 14669K, capacity 15863K, committed 16000K, reserved 1048576K
}
Event: 1757.726 GC heap after
{Heap after GC invocations=112 (full 0):
 garbage-first heap   total 199680K, used 105878K [0x0000000080000000, 0x0000000100000000)
  region size 1024K, 1 young (1024K), 1 survivors (1024K)
 Metaspace       used 114299K, capacity 117538K, committed 117888K, reserved 1150976K
  class space    used 14669K, capacity 15863K, committed 16000K, reserved 1048576K
}
Event: 1759.017 GC heap before
{Heap before GC invocations=112 (full 0):
 garbage-first heap   total 199680K, used 113046K [0x0000000080000000, 0x0000000100000000)
  region size 1024K, 9 young (9216K), 1 survivors (1024K)
 Metaspace       used 114331K, capacity 117614K, committed 117888K, reserved 1150976K
  class space    used 14671K, capacity 15865K, committed 16000K, reserved 1048576K
}
Event: 1759.089 GC heap after
{Heap after GC invocations=113 (full 0):
 garbage-first heap   total 199680K, used 106133K [0x0000000080000000, 0x0000000100000000)
  region size 1024K, 2 young (2048K), 2 survivors (2048K)
 Metaspace       used 114331K, capacity 117614K, committed 117888K, reserved 1150976K
  class space    used 14671K, capacity 15865K, committed 16000K, reserved 1048576K
}
Event: 1777.985 GC heap before
{Heap before GC invocations=113 (full 0):
 garbage-first heap   total 199680K, used 114325K [0x0000000080000000, 0x0000000100000000)
  region size 1024K, 9 young (9216K), 2 survivors (2048K)
 Metaspace       used 114380K, capacity 117693K, committed 117888K, reserved 1150976K
  class space    used 14674K, capacity 15870K, committed 16000K, reserved 1048576K
}
Event: 1779.492 GC heap after
{Heap after GC invocations=114 (full 0):
 garbage-first heap   total 199680K, used 110565K [0x0000000080000000, 0x0000000100000000)
  region size 1024K, 2 young (2048K), 2 survivors (2048K)
 Metaspace       used 114380K, capacity 117693K, committed 117888K, reserved 1150976K
  class space    used 14674K, capacity 15870K, committed 16000K, reserved 1048576K
}
Event: 1779.999 GC heap before
{Heap before GC invocations=114 (full 0):
 garbage-first heap   total 199680K, used 117733K [0x0000000080000000, 0x0000000100000000)
  region size 1024K, 9 young (9216K), 2 survivors (2048K)
 Metaspace       used 114384K, capacity 117693K, committed 117888K, reserved 1150976K
  class space    used 14674K, capacity 15870K, committed 16000K, reserved 1048576K
}
Event: 1781.053 GC heap after
{Heap after GC invocations=115 (full 0):
 garbage-first heap   total 199680K, used 111855K [0x0000000080000000, 0x0000000100000000)
  region size 1024K, 2 young (2048K), 2 survivors (2048K)
 Metaspace       used 114384K, capacity 117693K, committed 117888K, reserved 1150976K
  class space    used 14674K, capacity 15870K, committed 16000K, reserved 1048576K
}
Event: 1784.553 GC heap before
{Heap before GC invocations=115 (full 0):
 garbage-first heap   total 199680K, used 119023K [0x0000000080000000, 0x0000000100000000)
  region size 1024K, 9 young (9216K), 2 survivors (2048K)
 Metaspace       used 114404K, capacity 117693K, committed 117888K, reserved 1150976K
  class space    used 14675K, capacity 15870K, committed 16000K, reserved 1048576K
}
Event: 1785.269 GC heap after
{Heap after GC invocations=116 (full 0):
 garbage-first heap   total 199680K, used 113866K [0x0000000080000000, 0x0000000100000000)
  region size 1024K, 2 young (2048K), 2 survivors (2048K)
 Metaspace       used 114404K, capacity 117693K, committed 117888K, reserved 1150976K
  class space    used 14675K, capacity 15870K, committed 16000K, reserved 1048576K
}
Event: 1786.833 GC heap before
{Heap before GC invocations=116 (full 0):
 garbage-first heap   total 199680K, used 121034K [0x0000000080000000, 0x0000000100000000)
  region size 1024K, 9 young (9216K), 2 survivors (2048K)
 Metaspace       used 114432K, capacity 117694K, committed 117888K, reserved 1150976K
  class space    used 14675K, capacity 15870K, committed 16000K, reserved 1048576K
}
Event: 1788.071 GC heap after
{Heap after GC invocations=117 (full 0):
 garbage-first heap   total 270336K, used 116064K [0x0000000080000000, 0x0000000100000000)
  region size 1024K, 2 young (2048K), 2 survivors (2048K)
 Metaspace       used 114432K, capacity 117694K, committed 117888K, reserved 1150976K
  class space    used 14675K, capacity 15870K, committed 16000K, reserved 1048576K
}
Event: 1822.091 GC heap before
{Heap before GC invocations=117 (full 0):
 garbage-first heap   total 270336K, used 127328K [0x0000000080000000, 0x0000000100000000)
  region size 1024K, 13 young (13312K), 2 survivors (2048K)
 Metaspace       used 114603K, capacity 117850K, committed 118144K, reserved 1150976K
  class space    used 14681K, capacity 15876K, committed 16000K, reserved 1048576K
}
Event: 1823.780 GC heap after
{Heap after GC invocations=118 (full 0):
 garbage-first heap   total 270336K, used 117903K [0x0000000080000000, 0x0000000100000000)
  region size 1024K, 2 young (2048K), 2 survivors (2048K)
 Metaspace       used 114603K, capacity 117850K, committed 118144K, reserved 1150976K
  class space    used 14681K, capacity 15876K, committed 16000K, reserved 1048576K
}
Event: 1844.863 GC heap before
{Heap before GC invocations=118 (full 0):
 garbage-first heap   total 270336K, used 128143K [0x0000000080000000, 0x0000000100000000)
  region size 1024K, 13 young (13312K), 2 survivors (2048K)
 Metaspace       used 114716K, capacity 117984K, committed 118144K, reserved 1150976K
  class space    used 14681K, capacity 15876K, committed 16000K, reserved 1048576K
}
Event: 1846.792 GC heap after
{Heap after GC invocations=119 (full 0):
 garbage-first heap   total 270336K, used 118307K [0x0000000080000000, 0x0000000100000000)
  region size 1024K, 1 young (1024K), 1 survivors (1024K)
 Metaspace       used 114716K, capacity 117984K, committed 118144K, reserved 1150976K
  class space    used 14681K, capacity 15876K, committed 16000K, reserved 1048576K
}
Event: 1851.911 GC heap before
{Heap before GC invocations=119 (full 0):
 garbage-first heap   total 270336K, used 136739K [0x0000000080000000, 0x0000000100000000)
  region size 1024K, 13 young (13312K), 1 survivors (1024K)
 Metaspace       used 114728K, capacity 117984K, committed 118144K, reserved 1150976K
  class space    used 14681K, capacity 15876K, committed 16000K, reserved 1048576K
}
Event: 1852.308 GC heap after
{Heap after GC invocations=120 (full 0):
 garbage-first heap   total 270336K, used 124565K [0x0000000080000000, 0x0000000100000000)
  region size 1024K, 1 young (1024K), 1 survivors (1024K)
 Metaspace       used 114728K, capacity 117984K, committed 118144K, reserved 1150976K
  class space    used 14681K, capacity 15876K, committed 16000K, reserved 1048576K
}
Event: 2077.167 GC heap before
{Heap before GC invocations=120 (full 0):
 garbage-first heap   total 270336K, used 137877K [0x0000000080000000, 0x0000000100000000)
  region size 1024K, 13 young (13312K), 1 survivors (1024K)
 Metaspace       used 114837K, capacity 118119K, committed 118400K, reserved 1150976K
  class space    used 14690K, capacity 15894K, committed 16000K, reserved 1048576K
}

